
*** Running vivado
    with args -log TOP.vdi -applog -m64 -product Vivado -messageDb vivado.pb -mode batch -source TOP.tcl -notrace


****** Vivado v2024.2 (64-bit)
  **** SW Build 5239630 on Fri Nov 08 22:34:34 MST 2024
  **** IP Build 5239520 on Sun Nov 10 16:12:51 MST 2024
  **** SharedData Build 5239561 on Fri Nov 08 14:39:27 MST 2024
  **** Start of session at: Thu Mar 13 15:55:23 2025
    ** Copyright 1986-2022 Xilinx, Inc. All Rights Reserved.
    ** Copyright 2022-2024 Advanced Micro Devices, Inc. All Rights Reserved.

source TOP.tcl -notrace
Command: link_design -top TOP -part xc7k70tfbv676-1
Design is defaulting to srcset: sources_1
Design is defaulting to constrset: constrs_1
INFO: [Device 21-403] Loading part xc7k70tfbv676-1
Netlist sorting complete. Time (s): cpu = 00:00:00 ; elapsed = 00:00:00 . Memory (MB): peak = 1484.062 ; gain = 0.000 ; free physical = 2447 ; free virtual = 13424
INFO: [Netlist 29-17] Analyzing 32 Unisim elements for replacement
INFO: [Netlist 29-28] Unisim Transformation completed in 0 CPU seconds
INFO: [Project 1-479] Netlist was created with Vivado 2024.2
INFO: [Project 1-570] Preparing netlist for logic optimization
Read ShapeDB Complete: Time (s): cpu = 00:00:00 ; elapsed = 00:00:00 . Memory (MB): peak = 1541.938 ; gain = 0.000 ; free physical = 2370 ; free virtual = 13346
Netlist sorting complete. Time (s): cpu = 00:00:00 ; elapsed = 00:00:00 . Memory (MB): peak = 1541.938 ; gain = 0.000 ; free physical = 2370 ; free virtual = 13346
INFO: [Project 1-111] Unisim Transformation Summary:
No Unisim elements were transformed.

6 Infos, 0 Warnings, 0 Critical Warnings and 0 Errors encountered.
link_design completed successfully
Command: opt_design
Attempting to get a license for feature 'Implementation' and/or device 'xc7k70t'
INFO: [Common 17-349] Got license for feature 'Implementation' and/or device 'xc7k70t'
Running DRC as a precondition to command opt_design

Starting DRC Task
INFO: [DRC 23-27] Running DRC with 8 threads
INFO: [Project 1-461] DRC finished with 0 Errors
INFO: [Project 1-462] Please refer to the DRC report (report_drc) for more information.

Time (s): cpu = 00:00:02 ; elapsed = 00:00:00.49 . Memory (MB): peak = 1784.883 ; gain = 242.945 ; free physical = 2292 ; free virtual = 13268

Starting Cache Timing Information Task
INFO: [Timing 38-35] Done setting XDC timing constraints.
Ending Cache Timing Information Task | Checksum: 1a1ace6f4

Time (s): cpu = 00:00:06 ; elapsed = 00:00:06 . Memory (MB): peak = 2115.891 ; gain = 331.008 ; free physical = 1885 ; free virtual = 12860

Starting Logic Optimization Task

Phase 1 Initialization

Phase 1.1 Core Generation And Design Setup
Phase 1.1 Core Generation And Design Setup | Checksum: 1a1ace6f4

Time (s): cpu = 00:00:00 ; elapsed = 00:00:00 . Memory (MB): peak = 2459.781 ; gain = 0.000 ; free physical = 1552 ; free virtual = 12528

Phase 1.2 Setup Constraints And Sort Netlist
Phase 1.2 Setup Constraints And Sort Netlist | Checksum: 1a1ace6f4

Time (s): cpu = 00:00:00 ; elapsed = 00:00:00 . Memory (MB): peak = 2459.781 ; gain = 0.000 ; free physical = 1552 ; free virtual = 12528
Phase 1 Initialization | Checksum: 1a1ace6f4

Time (s): cpu = 00:00:00 ; elapsed = 00:00:00 . Memory (MB): peak = 2459.781 ; gain = 0.000 ; free physical = 1552 ; free virtual = 12528

Phase 2 Timer Update And Timing Data Collection

Phase 2.1 Timer Update
Phase 2.1 Timer Update | Checksum: 1a1ace6f4

Time (s): cpu = 00:00:00.02 ; elapsed = 00:00:00.01 . Memory (MB): peak = 2459.781 ; gain = 0.000 ; free physical = 1552 ; free virtual = 12528

Phase 2.2 Timing Data Collection
Phase 2.2 Timing Data Collection | Checksum: 1a1ace6f4

Time (s): cpu = 00:00:00.02 ; elapsed = 00:00:00.01 . Memory (MB): peak = 2459.781 ; gain = 0.000 ; free physical = 1552 ; free virtual = 12528
Phase 2 Timer Update And Timing Data Collection | Checksum: 1a1ace6f4

Time (s): cpu = 00:00:00.02 ; elapsed = 00:00:00.01 . Memory (MB): peak = 2459.781 ; gain = 0.000 ; free physical = 1552 ; free virtual = 12528

Phase 3 Retarget
INFO: [Opt 31-1851] Number of loadless carry chains removed were: 0
INFO: [Opt 31-1834] Total Chains To Be Transformed Were: 0 AND Number of Transformed insts Created are: 0
INFO: [Opt 31-138] Pushed 0 inverter(s) to 0 load pin(s).
INFO: [Opt 31-49] Retargeted 0 cell(s).
Phase 3 Retarget | Checksum: 1a1ace6f4

Time (s): cpu = 00:00:00.05 ; elapsed = 00:00:00.04 . Memory (MB): peak = 2459.781 ; gain = 0.000 ; free physical = 1552 ; free virtual = 12528
Retarget | Checksum: 1a1ace6f4
INFO: [Opt 31-389] Phase Retarget created 0 cells and removed 0 cells

Phase 4 Constant propagation
INFO: [Opt 31-138] Pushed 0 inverter(s) to 0 load pin(s).
Phase 4 Constant propagation | Checksum: 1a1ace6f4

Time (s): cpu = 00:00:00.06 ; elapsed = 00:00:00.05 . Memory (MB): peak = 2459.781 ; gain = 0.000 ; free physical = 1552 ; free virtual = 12528
Constant propagation | Checksum: 1a1ace6f4
INFO: [Opt 31-389] Phase Constant propagation created 0 cells and removed 0 cells

Phase 5 Sweep
INFO: [Constraints 18-11670] Building netlist checker database with flags, 0x8
Done building netlist checker database: Time (s): cpu = 00:00:00 ; elapsed = 00:00:00 . Memory (MB): peak = 2459.781 ; gain = 0.000 ; free physical = 1552 ; free virtual = 12528
Phase 5 Sweep | Checksum: 1bc7dec57

Time (s): cpu = 00:00:00.06 ; elapsed = 00:00:00.06 . Memory (MB): peak = 2459.781 ; gain = 0.000 ; free physical = 1552 ; free virtual = 12528
Sweep | Checksum: 1bc7dec57
INFO: [Opt 31-389] Phase Sweep created 0 cells and removed 0 cells

Phase 6 BUFG optimization
Phase 6 BUFG optimization | Checksum: 1bc7dec57

Time (s): cpu = 00:00:00.08 ; elapsed = 00:00:00.07 . Memory (MB): peak = 2491.797 ; gain = 32.016 ; free physical = 1552 ; free virtual = 12528
BUFG optimization | Checksum: 1bc7dec57
INFO: [Opt 31-662] Phase BUFG optimization created 0 cells of which 0 are BUFGs and removed 0 cells.

Phase 7 Shift Register Optimization
INFO: [Opt 31-1064] SRL Remap converted 0 SRLs to 0 registers and converted 0 registers of register chains to 0 SRLs
Phase 7 Shift Register Optimization | Checksum: 1bc7dec57

Time (s): cpu = 00:00:00.08 ; elapsed = 00:00:00.07 . Memory (MB): peak = 2491.797 ; gain = 32.016 ; free physical = 1552 ; free virtual = 12528
Shift Register Optimization | Checksum: 1bc7dec57
INFO: [Opt 31-389] Phase Shift Register Optimization created 0 cells and removed 0 cells

Phase 8 Post Processing Netlist
Phase 8 Post Processing Netlist | Checksum: 1bc7dec57

Time (s): cpu = 00:00:00.08 ; elapsed = 00:00:00.07 . Memory (MB): peak = 2491.797 ; gain = 32.016 ; free physical = 1552 ; free virtual = 12528
Post Processing Netlist | Checksum: 1bc7dec57
INFO: [Opt 31-389] Phase Post Processing Netlist created 0 cells and removed 0 cells

Phase 9 Finalization

Phase 9.1 Finalizing Design Cores and Updating Shapes
Phase 9.1 Finalizing Design Cores and Updating Shapes | Checksum: ebb62065

Time (s): cpu = 00:00:00.09 ; elapsed = 00:00:00.09 . Memory (MB): peak = 2491.797 ; gain = 32.016 ; free physical = 1552 ; free virtual = 12528

Phase 9.2 Verifying Netlist Connectivity

Starting Connectivity Check Task

Time (s): cpu = 00:00:00.01 ; elapsed = 00:00:00 . Memory (MB): peak = 2491.797 ; gain = 0.000 ; free physical = 1552 ; free virtual = 12528
Phase 9.2 Verifying Netlist Connectivity | Checksum: ebb62065

Time (s): cpu = 00:00:00.1 ; elapsed = 00:00:00.09 . Memory (MB): peak = 2491.797 ; gain = 32.016 ; free physical = 1552 ; free virtual = 12528
Phase 9 Finalization | Checksum: ebb62065

Time (s): cpu = 00:00:00.1 ; elapsed = 00:00:00.09 . Memory (MB): peak = 2491.797 ; gain = 32.016 ; free physical = 1552 ; free virtual = 12528
Opt_design Change Summary
=========================


-------------------------------------------------------------------------------------------------------------------------
|  Phase                        |  #Cells created  |  #Cells Removed  |  #Constrained objects preventing optimizations  |
-------------------------------------------------------------------------------------------------------------------------
|  Retarget                     |               0  |               0  |                                              0  |
|  Constant propagation         |               0  |               0  |                                              0  |
|  Sweep                        |               0  |               0  |                                              0  |
|  BUFG optimization            |               0  |               0  |                                              0  |
|  Shift Register Optimization  |               0  |               0  |                                              0  |
|  Post Processing Netlist      |               0  |               0  |                                              0  |
-------------------------------------------------------------------------------------------------------------------------


Ending Logic Optimization Task | Checksum: ebb62065

Time (s): cpu = 00:00:00.1 ; elapsed = 00:00:00.09 . Memory (MB): peak = 2491.797 ; gain = 32.016 ; free physical = 1552 ; free virtual = 12528

Starting Power Optimization Task
INFO: [Pwropt 34-132] Skipping clock gating for clocks with a period < 2.00 ns.
Ending Power Optimization Task | Checksum: ebb62065

Time (s): cpu = 00:00:00 ; elapsed = 00:00:00.01 . Memory (MB): peak = 2491.797 ; gain = 0.000 ; free physical = 1552 ; free virtual = 12528

Starting Final Cleanup Task
Ending Final Cleanup Task | Checksum: ebb62065

Time (s): cpu = 00:00:00 ; elapsed = 00:00:00 . Memory (MB): peak = 2491.797 ; gain = 0.000 ; free physical = 1552 ; free virtual = 12528

Starting Netlist Obfuscation Task
Netlist sorting complete. Time (s): cpu = 00:00:00 ; elapsed = 00:00:00 . Memory (MB): peak = 2491.797 ; gain = 0.000 ; free physical = 1552 ; free virtual = 12528
Ending Netlist Obfuscation Task | Checksum: ebb62065

Time (s): cpu = 00:00:00 ; elapsed = 00:00:00 . Memory (MB): peak = 2491.797 ; gain = 0.000 ; free physical = 1552 ; free virtual = 12528
INFO: [Common 17-83] Releasing license: Implementation
26 Infos, 0 Warnings, 0 Critical Warnings and 0 Errors encountered.
opt_design completed successfully
opt_design: Time (s): cpu = 00:00:10 ; elapsed = 00:00:09 . Memory (MB): peak = 2491.797 ; gain = 949.859 ; free physical = 1552 ; free virtual = 12528
INFO: [Vivado 12-24828] Executing command : report_drc -file TOP_drc_opted.rpt -pb TOP_drc_opted.pb -rpx TOP_drc_opted.rpx
Command: report_drc -file TOP_drc_opted.rpt -pb TOP_drc_opted.pb -rpx TOP_drc_opted.rpx
INFO: [IP_Flow 19-234] Refreshing IP repositories
INFO: [IP_Flow 19-1704] No user IP repositories specified
INFO: [IP_Flow 19-2313] Loaded Vivado IP repository '/tools/Xilinx/Vivado/2024.2/data/ip'.
INFO: [DRC 23-27] Running DRC with 8 threads
INFO: [Vivado_Tcl 2-168] The results of DRC are in file /home/sj/Documents/study/asic/project_1/project_1.runs/impl_1/TOP_drc_opted.rpt.
report_drc completed successfully
Write ShapeDB Complete: Time (s): cpu = 00:00:00 ; elapsed = 00:00:00 . Memory (MB): peak = 2578.703 ; gain = 0.000 ; free physical = 1509 ; free virtual = 12484
INFO: [Common 17-1381] The checkpoint '/home/sj/Documents/study/asic/project_1/project_1.runs/impl_1/TOP_opt.dcp' has been generated.
Command: place_design
Attempting to get a license for feature 'Implementation' and/or device 'xc7k70t'
INFO: [Common 17-349] Got license for feature 'Implementation' and/or device 'xc7k70t'
INFO: [Common 17-83] Releasing license: Implementation
INFO: [DRC 23-27] Running DRC with 8 threads
INFO: [Vivado_Tcl 4-198] DRC finished with 0 Errors
INFO: [Vivado_Tcl 4-199] Please refer to the DRC report (report_drc) for more information.
Running DRC as a precondition to command place_design
INFO: [DRC 23-27] Running DRC with 8 threads
INFO: [Vivado_Tcl 4-198] DRC finished with 0 Errors
INFO: [Vivado_Tcl 4-199] Please refer to the DRC report (report_drc) for more information.
INFO: [Place 30-611] Multithreading enabled for place_design using a maximum of 8 CPUs

Starting Placer Task

Phase 1 Placer Initialization

Phase 1.1 Placer Initialization Netlist Sorting
Netlist sorting complete. Time (s): cpu = 00:00:00 ; elapsed = 00:00:00 . Memory (MB): peak = 2607.098 ; gain = 0.000 ; free physical = 1482 ; free virtual = 12458
Phase 1.1 Placer Initialization Netlist Sorting | Checksum: 695d3815

Time (s): cpu = 00:00:00 ; elapsed = 00:00:00 . Memory (MB): peak = 2607.098 ; gain = 0.000 ; free physical = 1482 ; free virtual = 12458
Netlist sorting complete. Time (s): cpu = 00:00:00 ; elapsed = 00:00:00 . Memory (MB): peak = 2607.098 ; gain = 0.000 ; free physical = 1482 ; free virtual = 12458

Phase 1.2 IO Placement/ Clock Placement/ Build Placer Device
INFO: [Timing 38-35] Done setting XDC timing constraints.
Phase 1.2 IO Placement/ Clock Placement/ Build Placer Device | Checksum: 101acc69c

Time (s): cpu = 00:00:00.75 ; elapsed = 00:00:00.21 . Memory (MB): peak = 2639.113 ; gain = 32.016 ; free physical = 1481 ; free virtual = 12456

Phase 1.3 Build Placer Netlist Model
Phase 1.3 Build Placer Netlist Model | Checksum: 1c934867c

Time (s): cpu = 00:00:01 ; elapsed = 00:00:00.27 . Memory (MB): peak = 2639.113 ; gain = 32.016 ; free physical = 1481 ; free virtual = 12456

Phase 1.4 Constrain Clocks/Macros
Phase 1.4 Constrain Clocks/Macros | Checksum: 1c934867c

Time (s): cpu = 00:00:01 ; elapsed = 00:00:00.27 . Memory (MB): peak = 2639.113 ; gain = 32.016 ; free physical = 1481 ; free virtual = 12456
Phase 1 Placer Initialization | Checksum: 1c934867c

Time (s): cpu = 00:00:01 ; elapsed = 00:00:00.28 . Memory (MB): peak = 2639.113 ; gain = 32.016 ; free physical = 1481 ; free virtual = 12456

Phase 2 Global Placement

Phase 2.1 Floorplanning
Phase 2.1 Floorplanning | Checksum: 1c934867c

Time (s): cpu = 00:00:01 ; elapsed = 00:00:00.28 . Memory (MB): peak = 2639.113 ; gain = 32.016 ; free physical = 1481 ; free virtual = 12456

Phase 2.2 Update Timing before SLR Path Opt
Phase 2.2 Update Timing before SLR Path Opt | Checksum: 1c934867c

Time (s): cpu = 00:00:01 ; elapsed = 00:00:00.28 . Memory (MB): peak = 2639.113 ; gain = 32.016 ; free physical = 1481 ; free virtual = 12456

Phase 2.3 Post-Processing in Floorplanning
Phase 2.3 Post-Processing in Floorplanning | Checksum: 1c934867c

Time (s): cpu = 00:00:01 ; elapsed = 00:00:00.28 . Memory (MB): peak = 2639.113 ; gain = 32.016 ; free physical = 1481 ; free virtual = 12456

Phase 2.4 Global Place Phase1
Phase 2.4 Global Place Phase1 | Checksum: 244d5a8a5

Time (s): cpu = 00:00:05 ; elapsed = 00:00:01 . Memory (MB): peak = 2663.125 ; gain = 56.027 ; free physical = 1518 ; free virtual = 12494

Phase 2.5 Global Place Phase2
WARNING: [Place 46-29] Timing had been disabled during Placer and, therefore, physical synthesis in Placer will be skipped.
Phase 2.5 Global Place Phase2 | Checksum: 2cce116f3

Time (s): cpu = 00:00:06 ; elapsed = 00:00:01 . Memory (MB): peak = 2663.125 ; gain = 56.027 ; free physical = 1516 ; free virtual = 12492
Phase 2 Global Placement | Checksum: 2cce116f3

Time (s): cpu = 00:00:06 ; elapsed = 00:00:01 . Memory (MB): peak = 2663.125 ; gain = 56.027 ; free physical = 1516 ; free virtual = 12492

Phase 3 Detail Placement

Phase 3.1 Commit Multi Column Macros
Phase 3.1 Commit Multi Column Macros | Checksum: 2cce116f3

Time (s): cpu = 00:00:06 ; elapsed = 00:00:01 . Memory (MB): peak = 2663.125 ; gain = 56.027 ; free physical = 1516 ; free virtual = 12492

Phase 3.2 Commit Most Macros & LUTRAMs
Phase 3.2 Commit Most Macros & LUTRAMs | Checksum: 14f9d572a

Time (s): cpu = 00:00:06 ; elapsed = 00:00:01 . Memory (MB): peak = 2663.125 ; gain = 56.027 ; free physical = 1516 ; free virtual = 12492

Phase 3.3 Area Swap Optimization
Phase 3.3 Area Swap Optimization | Checksum: 13659e5bb

Time (s): cpu = 00:00:06 ; elapsed = 00:00:01 . Memory (MB): peak = 2663.125 ; gain = 56.027 ; free physical = 1516 ; free virtual = 12492

Phase 3.4 Pipeline Register Optimization
Phase 3.4 Pipeline Register Optimization | Checksum: 13659e5bb

Time (s): cpu = 00:00:06 ; elapsed = 00:00:01 . Memory (MB): peak = 2663.125 ; gain = 56.027 ; free physical = 1516 ; free virtual = 12492

Phase 3.5 Small Shape Detail Placement
Phase 3.5 Small Shape Detail Placement | Checksum: 24c65de04

Time (s): cpu = 00:00:07 ; elapsed = 00:00:01 . Memory (MB): peak = 2663.125 ; gain = 56.027 ; free physical = 1513 ; free virtual = 12490

Phase 3.6 Re-assign LUT pins
Phase 3.6 Re-assign LUT pins | Checksum: 24c65de04

Time (s): cpu = 00:00:07 ; elapsed = 00:00:01 . Memory (MB): peak = 2663.125 ; gain = 56.027 ; free physical = 1513 ; free virtual = 12490

Phase 3.7 Pipeline Register Optimization
Phase 3.7 Pipeline Register Optimization | Checksum: 24c65de04

Time (s): cpu = 00:00:07 ; elapsed = 00:00:01 . Memory (MB): peak = 2663.125 ; gain = 56.027 ; free physical = 1513 ; free virtual = 12490
Phase 3 Detail Placement | Checksum: 24c65de04

Time (s): cpu = 00:00:07 ; elapsed = 00:00:01 . Memory (MB): peak = 2663.125 ; gain = 56.027 ; free physical = 1513 ; free virtual = 12490

Phase 4 Post Placement Optimization and Clean-Up

Phase 4.1 Post Commit Optimization
Phase 4.1 Post Commit Optimization | Checksum: 24c65de04

Time (s): cpu = 00:00:07 ; elapsed = 00:00:01 . Memory (MB): peak = 2663.125 ; gain = 56.027 ; free physical = 1513 ; free virtual = 12490

Phase 4.2 Post Placement Cleanup
Phase 4.2 Post Placement Cleanup | Checksum: 24c65de04

Time (s): cpu = 00:00:07 ; elapsed = 00:00:01 . Memory (MB): peak = 2663.125 ; gain = 56.027 ; free physical = 1513 ; free virtual = 12490

Phase 4.3 Placer Reporting

Phase 4.3.1 Print Estimated Congestion
INFO: [Place 30-612] Post-Placement Estimated Congestion 
 ____________________________________________________
|           | Global Congestion | Short Congestion  |
| Direction | Region Size       | Region Size       |
|___________|___________________|___________________|
|      North|                1x1|                1x1|
|___________|___________________|___________________|
|      South|                1x1|                1x1|
|___________|___________________|___________________|
|       East|                1x1|                1x1|
|___________|___________________|___________________|
|       West|                1x1|                1x1|
|___________|___________________|___________________|

Phase 4.3.1 Print Estimated Congestion | Checksum: 24c65de04

Time (s): cpu = 00:00:07 ; elapsed = 00:00:01 . Memory (MB): peak = 2663.125 ; gain = 56.027 ; free physical = 1513 ; free virtual = 12490
Phase 4.3 Placer Reporting | Checksum: 24c65de04

Time (s): cpu = 00:00:07 ; elapsed = 00:00:01 . Memory (MB): peak = 2663.125 ; gain = 56.027 ; free physical = 1513 ; free virtual = 12490

Phase 4.4 Final Placement Cleanup
Netlist sorting complete. Time (s): cpu = 00:00:00.01 ; elapsed = 00:00:00 . Memory (MB): peak = 2663.125 ; gain = 0.000 ; free physical = 1513 ; free virtual = 12490

Time (s): cpu = 00:00:07 ; elapsed = 00:00:01 . Memory (MB): peak = 2663.125 ; gain = 56.027 ; free physical = 1513 ; free virtual = 12490
Phase 4 Post Placement Optimization and Clean-Up | Checksum: 1ff5f00d1

Time (s): cpu = 00:00:07 ; elapsed = 00:00:01 . Memory (MB): peak = 2663.125 ; gain = 56.027 ; free physical = 1513 ; free virtual = 12490
Ending Placer Task | Checksum: 15fea6811

Time (s): cpu = 00:00:07 ; elapsed = 00:00:01 . Memory (MB): peak = 2663.125 ; gain = 56.027 ; free physical = 1513 ; free virtual = 12490
44 Infos, 1 Warnings, 0 Critical Warnings and 0 Errors encountered.
place_design completed successfully
INFO: [Vivado 12-24838] Running report commands "report_control_sets, report_io, report_utilization" in parallel.
Running report generation with 3 threads.
INFO: [Vivado 12-24828] Executing command : report_control_sets -verbose -file TOP_control_sets_placed.rpt
report_control_sets: Time (s): cpu = 00:00:00.06 ; elapsed = 00:00:00.09 . Memory (MB): peak = 2663.125 ; gain = 0.000 ; free physical = 1494 ; free virtual = 12470
INFO: [Vivado 12-24828] Executing command : report_utilization -file TOP_utilization_placed.rpt -pb TOP_utilization_placed.pb
INFO: [Vivado 12-24828] Executing command : report_io -file TOP_io_placed.rpt
report_io: Time (s): cpu = 00:00:00.32 ; elapsed = 00:00:00.3 . Memory (MB): peak = 2663.125 ; gain = 0.000 ; free physical = 1492 ; free virtual = 12468
Write ShapeDB Complete: Time (s): cpu = 00:00:00.01 ; elapsed = 00:00:00 . Memory (MB): peak = 2663.125 ; gain = 0.000 ; free physical = 1492 ; free virtual = 12468
Wrote PlaceDB: Time (s): cpu = 00:00:00.05 ; elapsed = 00:00:00.02 . Memory (MB): peak = 2663.125 ; gain = 0.000 ; free physical = 1492 ; free virtual = 12469
Wrote PulsedLatchDB: Time (s): cpu = 00:00:00 ; elapsed = 00:00:00 . Memory (MB): peak = 2663.125 ; gain = 0.000 ; free physical = 1492 ; free virtual = 12469
Writing XDEF routing.
Writing XDEF routing logical nets.
Writing XDEF routing special nets.
Wrote RouteStorage: Time (s): cpu = 00:00:00.07 ; elapsed = 00:00:00.07 . Memory (MB): peak = 2663.125 ; gain = 0.000 ; free physical = 1491 ; free virtual = 12468
Wrote Netlist Cache: Time (s): cpu = 00:00:00 ; elapsed = 00:00:00 . Memory (MB): peak = 2663.125 ; gain = 0.000 ; free physical = 1491 ; free virtual = 12468
Wrote Device Cache: Time (s): cpu = 00:00:00 ; elapsed = 00:00:00 . Memory (MB): peak = 2663.125 ; gain = 0.000 ; free physical = 1482 ; free virtual = 12460
Write Physdb Complete: Time (s): cpu = 00:00:00.13 ; elapsed = 00:00:00.11 . Memory (MB): peak = 2663.125 ; gain = 0.000 ; free physical = 1482 ; free virtual = 12460
INFO: [Common 17-1381] The checkpoint '/home/sj/Documents/study/asic/project_1/project_1.runs/impl_1/TOP_placed.dcp' has been generated.
Command: phys_opt_design
Attempting to get a license for feature 'Implementation' and/or device 'xc7k70t'
INFO: [Common 17-349] Got license for feature 'Implementation' and/or device 'xc7k70t'

Starting Initial Update Timing Task

Time (s): cpu = 00:00:00.03 ; elapsed = 00:00:00.03 . Memory (MB): peak = 2663.125 ; gain = 0.000 ; free physical = 1476 ; free virtual = 12451
INFO: [Vivado_Tcl 4-235] No timing constraint found. The netlist was not modified.
INFO: [Common 17-83] Releasing license: Implementation
52 Infos, 1 Warnings, 0 Critical Warnings and 0 Errors encountered.
phys_opt_design completed successfully
Write ShapeDB Complete: Time (s): cpu = 00:00:00 ; elapsed = 00:00:00 . Memory (MB): peak = 2663.125 ; gain = 0.000 ; free physical = 1476 ; free virtual = 12451
Wrote PlaceDB: Time (s): cpu = 00:00:00.05 ; elapsed = 00:00:00.02 . Memory (MB): peak = 2663.125 ; gain = 0.000 ; free physical = 1476 ; free virtual = 12451
Wrote PulsedLatchDB: Time (s): cpu = 00:00:00 ; elapsed = 00:00:00 . Memory (MB): peak = 2663.125 ; gain = 0.000 ; free physical = 1476 ; free virtual = 12451
Writing XDEF routing.
Writing XDEF routing logical nets.
Writing XDEF routing special nets.
Wrote RouteStorage: Time (s): cpu = 00:00:00.02 ; elapsed = 00:00:00.02 . Memory (MB): peak = 2663.125 ; gain = 0.000 ; free physical = 1476 ; free virtual = 12451
Wrote Netlist Cache: Time (s): cpu = 00:00:00 ; elapsed = 00:00:00 . Memory (MB): peak = 2663.125 ; gain = 0.000 ; free physical = 1476 ; free virtual = 12451
Wrote Device Cache: Time (s): cpu = 00:00:00.01 ; elapsed = 00:00:00.01 . Memory (MB): peak = 2663.125 ; gain = 0.000 ; free physical = 1476 ; free virtual = 12451
Write Physdb Complete: Time (s): cpu = 00:00:00.08 ; elapsed = 00:00:00.05 . Memory (MB): peak = 2663.125 ; gain = 0.000 ; free physical = 1476 ; free virtual = 12451
INFO: [Common 17-1381] The checkpoint '/home/sj/Documents/study/asic/project_1/project_1.runs/impl_1/TOP_physopt.dcp' has been generated.
Command: route_design
Attempting to get a license for feature 'Implementation' and/or device 'xc7k70t'
INFO: [Common 17-349] Got license for feature 'Implementation' and/or device 'xc7k70t'


Starting Routing Task
INFO: [Route 35-254] Multithreading enabled for route_design using a maximum of 8 CPUs

Phase 1 Build RT Design
Checksum: PlaceDB: c93cd498 ConstDB: 0 ShapeSum: 3bbfa604 RouteDB: 5aeded75
Post Restoration Checksum: NetGraph: b610917d | NumContArr: 3ab93028 | Constraints: c2a8fa9d | Timing: c2a8fa9d
Phase 1 Build RT Design | Checksum: 2761bb6df

Time (s): cpu = 00:00:12 ; elapsed = 00:00:10 . Memory (MB): peak = 2693.078 ; gain = 29.953 ; free physical = 1375 ; free virtual = 12359

Phase 2 Router Initialization
INFO: [Route 35-64] No timing constraints were detected. The router will operate in resource-optimization mode.

Phase 2.1 Fix Topology Constraints
Phase 2.1 Fix Topology Constraints | Checksum: 2761bb6df

Time (s): cpu = 00:00:12 ; elapsed = 00:00:10 . Memory (MB): peak = 2723.078 ; gain = 59.953 ; free physical = 1345 ; free virtual = 12328

Phase 2.2 Pre Route Cleanup
Phase 2.2 Pre Route Cleanup | Checksum: 2761bb6df

Time (s): cpu = 00:00:12 ; elapsed = 00:00:10 . Memory (MB): peak = 2723.078 ; gain = 59.953 ; free physical = 1345 ; free virtual = 12328
 Number of Nodes with overlaps = 0

Router Utilization Summary
  Global Vertical Routing Utilization    = 0 %
  Global Horizontal Routing Utilization  = 0 %
  Routable Net Status*
  *Does not include unroutable nets such as driverless and loadless.
  Run report_route_status for detailed report.
  Number of Failed Nets               = 477
    (Failed Nets is the sum of unrouted and partially routed nets)
  Number of Unrouted Nets             = 477
  Number of Partially Routed Nets     = 0
  Number of Node Overlaps             = 0

Phase 2 Router Initialization | Checksum: 2b06dfb75

Time (s): cpu = 00:00:13 ; elapsed = 00:00:10 . Memory (MB): peak = 2751.766 ; gain = 88.641 ; free physical = 1293 ; free virtual = 12288

Phase 3 Global Routing
Phase 3 Global Routing | Checksum: 2b06dfb75

Time (s): cpu = 00:00:13 ; elapsed = 00:00:10 . Memory (MB): peak = 2751.766 ; gain = 88.641 ; free physical = 1293 ; free virtual = 12288

Phase 4 Initial Routing

Phase 4.1 Initial Net Routing Pass
Phase 4.1 Initial Net Routing Pass | Checksum: 1ad631561

Time (s): cpu = 00:00:14 ; elapsed = 00:00:10 . Memory (MB): peak = 2751.766 ; gain = 88.641 ; free physical = 1287 ; free virtual = 12287
Phase 4 Initial Routing | Checksum: 1ad631561

Time (s): cpu = 00:00:14 ; elapsed = 00:00:10 . Memory (MB): peak = 2751.766 ; gain = 88.641 ; free physical = 1287 ; free virtual = 12287

Phase 5 Rip-up And Reroute

Phase 5.1 Global Iteration 0
 Number of Nodes with overlaps = 15
 Number of Nodes with overlaps = 0
Phase 5.1 Global Iteration 0 | Checksum: 2d60e5036

Time (s): cpu = 00:00:14 ; elapsed = 00:00:10 . Memory (MB): peak = 2751.766 ; gain = 88.641 ; free physical = 1262 ; free virtual = 12262
Phase 5 Rip-up And Reroute | Checksum: 2d60e5036

Time (s): cpu = 00:00:14 ; elapsed = 00:00:10 . Memory (MB): peak = 2751.766 ; gain = 88.641 ; free physical = 1262 ; free virtual = 12262

Phase 6 Delay and Skew Optimization
Phase 6 Delay and Skew Optimization | Checksum: 2d60e5036

Time (s): cpu = 00:00:14 ; elapsed = 00:00:10 . Memory (MB): peak = 2751.766 ; gain = 88.641 ; free physical = 1262 ; free virtual = 12262

Phase 7 Post Hold Fix

Phase 7.1 Hold Fix Iter
Phase 7.1 Hold Fix Iter | Checksum: 2d60e5036

Time (s): cpu = 00:00:14 ; elapsed = 00:00:10 . Memory (MB): peak = 2751.766 ; gain = 88.641 ; free physical = 1262 ; free virtual = 12262
Phase 7 Post Hold Fix | Checksum: 2d60e5036

Time (s): cpu = 00:00:14 ; elapsed = 00:00:10 . Memory (MB): peak = 2751.766 ; gain = 88.641 ; free physical = 1262 ; free virtual = 12262

Phase 8 Route finalize

Router Utilization Summary
  Global Vertical Routing Utilization    = 0.0448661 %
  Global Horizontal Routing Utilization  = 0.0733346 %
  Routable Net Status*
  *Does not include unroutable nets such as driverless and loadless.
  Run report_route_status for detailed report.
  Number of Failed Nets               = 0
    (Failed Nets is the sum of unrouted and partially routed nets)
  Number of Unrouted Nets             = 0
  Number of Partially Routed Nets     = 0
  Number of Node Overlaps             = 0


--GLOBAL Congestion:
Utilization threshold used for congestion level computation: 0.85
Congestion Report
North Dir 1x1 Area, Max Cong = 15.3153%, No Congested Regions.
South Dir 1x1 Area, Max Cong = 21.6216%, No Congested Regions.
East Dir 1x1 Area, Max Cong = 10.2941%, No Congested Regions.
West Dir 1x1 Area, Max Cong = 32.3529%, No Congested Regions.

------------------------------
Reporting congestion hotspots
------------------------------
Direction: North
----------------
Congested clusters found at Level 0
Effective congestion level: 0 Aspect Ratio: 1 Sparse Ratio: 0
Direction: South
----------------
Congested clusters found at Level 0
Effective congestion level: 0 Aspect Ratio: 1 Sparse Ratio: 0
Direction: East
----------------
Congested clusters found at Level 0
Effective congestion level: 0 Aspect Ratio: 1 Sparse Ratio: 0
Direction: West
----------------
Congested clusters found at Level 0
Effective congestion level: 0 Aspect Ratio: 1 Sparse Ratio: 0

Phase 8 Route finalize | Checksum: 2d60e5036

Time (s): cpu = 00:00:14 ; elapsed = 00:00:10 . Memory (MB): peak = 2751.766 ; gain = 88.641 ; free physical = 1262 ; free virtual = 12262

Phase 9 Verifying routed nets

 Verification completed successfully
Phase 9 Verifying routed nets | Checksum: 2d60e5036

Time (s): cpu = 00:00:14 ; elapsed = 00:00:10 . Memory (MB): peak = 2751.766 ; gain = 88.641 ; free physical = 1262 ; free virtual = 12262

Phase 10 Depositing Routes
Phase 10 Depositing Routes | Checksum: 27567f822

Time (s): cpu = 00:00:14 ; elapsed = 00:00:10 . Memory (MB): peak = 2751.766 ; gain = 88.641 ; free physical = 1253 ; free virtual = 12253

Phase 11 Post Process Routing
Phase 11 Post Process Routing | Checksum: 27567f822

Time (s): cpu = 00:00:14 ; elapsed = 00:00:10 . Memory (MB): peak = 2751.766 ; gain = 88.641 ; free physical = 1253 ; free virtual = 12253
Total Elapsed time in route_design: 10.13 secs

Phase 12 Post-Route Event Processing
Phase 12 Post-Route Event Processing | Checksum: 1db48c150

Time (s): cpu = 00:00:14 ; elapsed = 00:00:10 . Memory (MB): peak = 2751.766 ; gain = 88.641 ; free physical = 1251 ; free virtual = 12251
INFO: [Route 35-16] Router Completed Successfully
Ending Routing Task | Checksum: 1db48c150

Time (s): cpu = 00:00:14 ; elapsed = 00:00:10 . Memory (MB): peak = 2751.766 ; gain = 88.641 ; free physical = 1250 ; free virtual = 12250

Routing Is Done.
INFO: [Common 17-83] Releasing license: Implementation
58 Infos, 1 Warnings, 0 Critical Warnings and 0 Errors encountered.
route_design completed successfully
route_design: Time (s): cpu = 00:00:14 ; elapsed = 00:00:10 . Memory (MB): peak = 2751.766 ; gain = 88.641 ; free physical = 1249 ; free virtual = 12250
INFO: [Vivado 12-24828] Executing command : report_drc -file TOP_drc_routed.rpt -pb TOP_drc_routed.pb -rpx TOP_drc_routed.rpx
Command: report_drc -file TOP_drc_routed.rpt -pb TOP_drc_routed.pb -rpx TOP_drc_routed.rpx
INFO: [IP_Flow 19-1839] IP Catalog is up to date.
INFO: [DRC 23-27] Running DRC with 8 threads
INFO: [Vivado_Tcl 2-168] The results of DRC are in file /home/sj/Documents/study/asic/project_1/project_1.runs/impl_1/TOP_drc_routed.rpt.
report_drc completed successfully
INFO: [Vivado 12-24828] Executing command : report_methodology -file TOP_methodology_drc_routed.rpt -pb TOP_methodology_drc_routed.pb -rpx TOP_methodology_drc_routed.rpx
Command: report_methodology -file TOP_methodology_drc_routed.rpt -pb TOP_methodology_drc_routed.pb -rpx TOP_methodology_drc_routed.rpx
INFO: [Timing 38-35] Done setting XDC timing constraints.
INFO: [DRC 23-133] Running Methodology with 8 threads
INFO: [Vivado_Tcl 2-1520] The results of Report Methodology are in file /home/sj/Documents/study/asic/project_1/project_1.runs/impl_1/TOP_methodology_drc_routed.rpt.
report_methodology completed successfully
INFO: [Vivado 12-24828] Executing command : report_timing_summary -max_paths 10 -report_unconstrained -file TOP_timing_summary_routed.rpt -pb TOP_timing_summary_routed.pb -rpx TOP_timing_summary_routed.rpx -warn_on_violation 
INFO: [Timing 38-35] Done setting XDC timing constraints.
INFO: [Timing 38-91] UpdateTimingParams: Speed grade: -1, Delay Type: min_max.
INFO: [Timing 38-191] Multithreading enabled for timing update using a maximum of 8 CPUs
WARNING: [Timing 38-313] There are no user specified timing constraints. Timing constraints are needed for proper timing analysis.
INFO: [Vivado 12-24838] Running report commands "report_bus_skew, report_incremental_reuse, report_route_status" in parallel.
Running report generation with 3 threads.
INFO: [Vivado 12-24828] Executing command : report_route_status -file TOP_route_status.rpt -pb TOP_route_status.pb
INFO: [Vivado 12-24828] Executing command : report_incremental_reuse -file TOP_incremental_reuse_routed.rpt
INFO: [Vivado_Tcl 4-1062] Incremental flow is disabled. No incremental reuse Info to report.
INFO: [Vivado 12-24828] Executing command : report_bus_skew -warn_on_violation -file TOP_bus_skew_routed.rpt -pb TOP_bus_skew_routed.pb -rpx TOP_bus_skew_routed.rpx
INFO: [Timing 38-91] UpdateTimingParams: Speed grade: -1, Delay Type: min_max.
INFO: [Timing 38-191] Multithreading enabled for timing update using a maximum of 8 CPUs
INFO: [Vivado 12-24828] Executing command : report_power -file TOP_power_routed.rpt -pb TOP_power_summary_routed.pb -rpx TOP_power_routed.rpx
Command: report_power -file TOP_power_routed.rpt -pb TOP_power_summary_routed.pb -rpx TOP_power_routed.rpx
WARNING: [Power 33-232] No user defined clocks were found in the design! Power estimation will be inaccurate until this is corrected.
Resolution: Please specify clocks using create_clock/create_generated_clock for sequential elements. For pure combinatorial circuits, please specify a virtual clock, otherwise the vectorless estimation might be inaccurate
Running Vector-less Activity Propagation...

Finished Running Vector-less Activity Propagation
78 Infos, 3 Warnings, 0 Critical Warnings and 0 Errors encountered.
report_power completed successfully
INFO: [Vivado 12-24828] Executing command : report_clock_utilization -file TOP_clock_utilization_routed.rpt
Write ShapeDB Complete: Time (s): cpu = 00:00:00.02 ; elapsed = 00:00:00 . Memory (MB): peak = 2921.492 ; gain = 0.000 ; free physical = 1019 ; free virtual = 12096
Wrote PlaceDB: Time (s): cpu = 00:00:00.12 ; elapsed = 00:00:00.04 . Memory (MB): peak = 2921.492 ; gain = 0.000 ; free physical = 1019 ; free virtual = 12097
Wrote PulsedLatchDB: Time (s): cpu = 00:00:00 ; elapsed = 00:00:00 . Memory (MB): peak = 2921.492 ; gain = 0.000 ; free physical = 1019 ; free virtual = 12097
Writing XDEF routing.
Writing XDEF routing logical nets.
Writing XDEF routing special nets.
Wrote RouteStorage: Time (s): cpu = 00:00:00.02 ; elapsed = 00:00:00.02 . Memory (MB): peak = 2921.492 ; gain = 0.000 ; free physical = 1019 ; free virtual = 12097
Wrote Netlist Cache: Time (s): cpu = 00:00:00 ; elapsed = 00:00:00 . Memory (MB): peak = 2921.492 ; gain = 0.000 ; free physical = 1019 ; free virtual = 12097
Wrote Device Cache: Time (s): cpu = 00:00:00 ; elapsed = 00:00:00.01 . Memory (MB): peak = 2921.492 ; gain = 0.000 ; free physical = 1019 ; free virtual = 12097
Write Physdb Complete: Time (s): cpu = 00:00:00.15 ; elapsed = 00:00:00.07 . Memory (MB): peak = 2921.492 ; gain = 0.000 ; free physical = 1019 ; free virtual = 12097
INFO: [Common 17-1381] The checkpoint '/home/sj/Documents/study/asic/project_1/project_1.runs/impl_1/TOP_routed.dcp' has been generated.
INFO: [Common 17-206] Exiting Vivado at Thu Mar 13 15:56:00 2025...
