#-----------------------------------------------------------
# Vivado v2024.2 (64-bit)
# SW Build 5239630 on Fri Nov 08 22:34:34 MST 2024
# IP Build 5239520 on Sun Nov 10 16:12:51 MST 2024
# SharedData Build 5239561 on Fri Nov 08 14:39:27 MST 2024
# Start of session at: Fri Mar 28 16:42:28 2025
# Process ID         : 18401
# Current directory  : /home/sj/Documents/study/asic/project_1
# Command line       : vivado
# Log file           : /home/sj/Documents/study/asic/project_1/vivado.log
# Journal file       : /home/sj/Documents/study/asic/project_1/vivado.jou
# Running On         : sj-Inspiron-13-5310
# Platform           : Ubuntu
# Operating System   : Ubuntu 24.04.2 LTS
# Processor Detail   : 11th Gen Intel(R) Core(TM) i5-11320H @ 3.20GHz
# CPU Frequency      : 1943.947 MHz
# CPU Physical cores : 4
# CPU Logical cores  : 8
# Host memory        : 16500 MB
# Swap memory        : 4294 MB
# Total Virtual      : 20795 MB
# Available Virtual  : 19312 MB
#-----------------------------------------------------------
start_gui
open_project /home/sj/Documents/study/asic/project_1/project_1.xpr
INFO: [filemgmt 56-3] Default IP Output Path : Could not find the directory '/home/sj/Documents/study/asic/project_1/project_1.gen/sources_1'.
Scanning sources...
Finished scanning sources
INFO: [IP_Flow 19-234] Refreshing IP repositories
INFO: [IP_Flow 19-1704] No user IP repositories specified
INFO: [IP_Flow 19-2313] Loaded Vivado IP repository '/tools/Xilinx/Vivado/2024.2/data/ip'.
update_compile_order -fileset sources_1
launch_simulation
Command: launch_simulation 
INFO: [Vivado 12-12493] Simulation top is 'tb'
INFO: [Vivado 12-5682] Launching behavioral simulation in '/home/sj/Documents/study/asic/project_1/project_1.sim/sim_1/behav/xsim'
INFO: [SIM-utils-51] Simulation object is 'sim_1'
INFO: [SIM-utils-72] Using boost library from '/tools/Xilinx/Vivado/2024.2/tps/boost_1_72_0'
INFO: [SIM-utils-54] Inspecting design source files for 'tb' in fileset 'sim_1'...
INFO: [SIM-utils-43] Exported '/home/sj/Documents/study/asic/project_1/project_1.sim/sim_1/behav/xsim/mem_init.mem'
INFO: [SIM-utils-43] Exported '/home/sj/Documents/study/asic/project_1/project_1.sim/sim_1/behav/xsim/mem_init2.mem'
INFO: [SIM-utils-43] Exported '/home/sj/Documents/study/asic/project_1/project_1.sim/sim_1/behav/xsim/mem_init.mem'
INFO: [SIM-utils-43] Exported '/home/sj/Documents/study/asic/project_1/project_1.sim/sim_1/behav/xsim/mem_init2.mem'
INFO: [USF-XSim-97] Finding global include files...
INFO: [USF-XSim-98] Fetching design files from 'sim_1'...
INFO: [USF-XSim-2] XSim::Compile design
INFO: [USF-XSim-61] Executing 'COMPILE and ANALYZE' step in '/home/sj/Documents/study/asic/project_1/project_1.sim/sim_1/behav/xsim'
xvlog --incr --relax -L uvm -L UVM -prj tb_vlog.prj
Waiting for jobs to finish...
No pending jobs, compilation finished.
INFO: [USF-XSim-69] 'compile' step finished in '2' seconds
INFO: [USF-XSim-3] XSim::Elaborate design
INFO: [USF-XSim-61] Executing 'ELABORATE' step in '/home/sj/Documents/study/asic/project_1/project_1.sim/sim_1/behav/xsim'
xelab --incr --debug typical --relax --mt 8 -L xil_defaultlib -L uvm -L unisims_ver -L unimacro_ver -L secureip --snapshot tb_behav xil_defaultlib.tb xil_defaultlib.glbl -log elaborate.log
Vivado Simulator v2024.2.0
Copyright 1986-2022 Xilinx, Inc. All Rights Reserved.
Copyright 2022-2024 Advanced Micro Devices, Inc. All Rights Reserved.
Running: /tools/Xilinx/Vivado/2024.2/bin/unwrapped/lnx64.o/xelab --incr --debug typical --relax --mt 8 -L xil_defaultlib -L uvm -L unisims_ver -L unimacro_ver -L secureip --snapshot tb_behav xil_defaultlib.tb xil_defaultlib.glbl -log elaborate.log 
Using 8 slave threads.
Starting static elaboration
Pass Through NonSizing Optimizer
WARNING: [VRFC 10-3091] actual bit length 35 differs from formal bit length 4 for port 'read_address' [/home/sj/Documents/study/asic/project_1/project_1.srcs/sources_1/new/top.sv:119]
WARNING: [VRFC 10-8864] concatenation with an unsized literal will be treated as 32 bits [/home/sj/Documents/study/asic/project_1/project_1.srcs/sources_1/new/top.sv:119]
Completed static elaboration
INFO: [XSIM 43-4323] No Change in HDL. Linking previously generated obj files to create kernel
INFO: [USF-XSim-69] 'elaborate' step finished in '2' seconds
INFO: [USF-XSim-4] XSim::Simulate design
INFO: [USF-XSim-61] Executing 'SIMULATE' step in '/home/sj/Documents/study/asic/project_1/project_1.sim/sim_1/behav/xsim'
INFO: [USF-XSim-98] *** Running xsim
   with args "tb_behav -key {Behavioral:sim_1:Functional:tb} -tclbatch {tb.tcl} -log {simulate.log}"
INFO: [USF-XSim-8] Loading simulator feature
Time resolution is 1 ps
source tb.tcl
# set curr_wave [current_wave_config]
# if { [string length $curr_wave] == 0 } {
#   if { [llength [get_objects]] > 0} {
#     add_wave /
#     set_property needs_save false [current_wave_config]
#   } else {
#      send_msg_id Add_Wave-1 WARNING "No top level signals found. Simulator will start without a wave window. If you want to open a wave window go to 'File->New Waveform Configuration' or type 'create_wave_config' in the TCL console."
#   }
# }
# run 1000ns
$finish called at time : 400 ns : File "/home/sj/Documents/study/asic/project_1/project_1.srcs/sources_1/new/top.sv" Line 338
INFO: [USF-XSim-96] XSim completed. Design snapshot 'tb_behav' loaded.
INFO: [USF-XSim-97] XSim simulation ran for 1000ns
launch_simulation: Time (s): cpu = 00:00:11 ; elapsed = 00:00:09 . Memory (MB): peak = 7837.547 ; gain = 69.262 ; free physical = 10136 ; free virtual = 17603
close_sim
INFO: [Simtcl 6-16] Simulation closed
exit
INFO: [Common 17-206] Exiting Vivado at Fri Mar 28 16:44:47 2025...
