#-----------------------------------------------------------
# Vivado v2024.2 (64-bit)
# SW Build 5239630 on Fri Nov 08 22:34:34 MST 2024
# IP Build 5239520 on Sun Nov 10 16:12:51 MST 2024
# SharedData Build 5239561 on Fri Nov 08 14:39:27 MST 2024
# Start of session at: Fri Apr  4 14:55:36 2025
# Process ID         : 48730
# Current directory  : /home/sj/Documents/study/asic/project_1
# Command line       : vivado
# Log file           : /home/sj/Documents/study/asic/project_1/vivado.log
# Journal file       : /home/sj/Documents/study/asic/project_1/vivado.jou
# Running On         : sj-Inspiron-13-5310
# Platform           : Ubuntu
# Operating System   : Ubuntu 24.04.2 LTS
# Processor Detail   : 11th Gen Intel(R) Core(TM) i5-11320H @ 3.20GHz
# CPU Frequency      : 2707.462 MHz
# CPU Physical cores : 4
# CPU Logical cores  : 8
# Host memory        : 16500 MB
# Swap memory        : 4294 MB
# Total Virtual      : 20795 MB
# Available Virtual  : 17644 MB
#-----------------------------------------------------------
start_gui
open_project /home/sj/Documents/vlsi/spi/project_2/project_2.xpr
Scanning sources...
Finished scanning sources
INFO: [IP_Flow 19-234] Refreshing IP repositories
INFO: [IP_Flow 19-1704] No user IP repositories specified
INFO: [IP_Flow 19-2313] Loaded Vivado IP repository '/tools/Xilinx/Vivado/2024.2/data/ip'.
update_compile_order -fileset sources_1
launch_simulation
Command: launch_simulation 
INFO: [Vivado 12-12493] Simulation top is 'tb'
INFO: [Vivado 12-5682] Launching behavioral simulation in '/home/sj/Documents/vlsi/spi/project_2/project_2.sim/sim_1/behav/xsim'
INFO: [SIM-utils-51] Simulation object is 'sim_1'
INFO: [SIM-utils-72] Using boost library from '/tools/Xilinx/Vivado/2024.2/tps/boost_1_72_0'
INFO: [USF-XSim-7] Finding pre-compiled libraries...
INFO: [USF-XSim-11] File '/tools/Xilinx/Vivado/2024.2/data/xsim/xsim.ini' copied to run dir:'/home/sj/Documents/vlsi/spi/project_2/project_2.sim/sim_1/behav/xsim'
INFO: [SIM-utils-54] Inspecting design source files for 'tb' in fileset 'sim_1'...
INFO: [SIM-utils-43] Exported '/home/sj/Documents/vlsi/spi/project_2/project_2.sim/sim_1/behav/xsim/blk_mem_gen_0.mif'
INFO: [SIM-utils-43] Exported '/home/sj/Documents/vlsi/spi/project_2/project_2.sim/sim_1/behav/xsim/mem_init2.coe'
INFO: [SIM-utils-43] Exported '/home/sj/Documents/vlsi/spi/project_2/project_2.sim/sim_1/behav/xsim/mem_init.coe'
INFO: [SIM-utils-43] Exported '/home/sj/Documents/vlsi/spi/project_2/project_2.sim/sim_1/behav/xsim/mem_init.mem'
INFO: [SIM-utils-43] Exported '/home/sj/Documents/vlsi/spi/project_2/project_2.sim/sim_1/behav/xsim/mem_init2.mem'
INFO: [SIM-utils-43] Exported '/home/sj/Documents/vlsi/spi/project_2/project_2.sim/sim_1/behav/xsim/mem_init.mem'
INFO: [SIM-utils-43] Exported '/home/sj/Documents/vlsi/spi/project_2/project_2.sim/sim_1/behav/xsim/mem_init2.mem'
INFO: [USF-XSim-97] Finding global include files...
INFO: [USF-XSim-98] Fetching design files from 'sim_1'...
INFO: [USF-XSim-2] XSim::Compile design
INFO: [USF-XSim-61] Executing 'COMPILE and ANALYZE' step in '/home/sj/Documents/vlsi/spi/project_2/project_2.sim/sim_1/behav/xsim'
xvlog --incr --relax -prj tb_vlog.prj
INFO: [VRFC 10-2263] Analyzing Verilog file "/home/sj/Documents/vlsi/spi/project_2/project_2.srcs/sources_1/new/top.v" into library xil_defaultlib
INFO: [VRFC 10-311] analyzing module TOP
INFO: [VRFC 10-311] analyzing module PG
INFO: [VRFC 10-311] analyzing module Loadable_Counter
INFO: [VRFC 10-311] analyzing module ROM
INFO: [VRFC 10-311] analyzing module S2P
INFO: [VRFC 10-311] analyzing module BF1
INFO: [VRFC 10-311] analyzing module BF2
INFO: [VRFC 10-311] analyzing module CMX1
INFO: [VRFC 10-311] analyzing module CMX2
INFO: [VRFC 10-311] analyzing module delay
INFO: [VRFC 10-311] analyzing module fft_processor
INFO: [VRFC 10-311] analyzing module P2S
INFO: [VRFC 10-311] analyzing module tb
Waiting for jobs to finish...
No pending jobs, compilation finished.
INFO: [USF-XSim-69] 'compile' step finished in '2' seconds
INFO: [USF-XSim-3] XSim::Elaborate design
INFO: [USF-XSim-61] Executing 'ELABORATE' step in '/home/sj/Documents/vlsi/spi/project_2/project_2.sim/sim_1/behav/xsim'
xelab --incr --debug typical --relax --mt 8 -L xil_defaultlib -L unisims_ver -L unimacro_ver -L secureip -L xpm --snapshot tb_behav xil_defaultlib.tb xil_defaultlib.glbl -log elaborate.log
Vivado Simulator v2024.2.0
Copyright 1986-2022 Xilinx, Inc. All Rights Reserved.
Copyright 2022-2024 Advanced Micro Devices, Inc. All Rights Reserved.
Running: /tools/Xilinx/Vivado/2024.2/bin/unwrapped/lnx64.o/xelab --incr --debug typical --relax --mt 8 -L xil_defaultlib -L unisims_ver -L unimacro_ver -L secureip -L xpm --snapshot tb_behav xil_defaultlib.tb xil_defaultlib.glbl -log elaborate.log 
Using 8 slave threads.
Starting static elaboration
Pass Through NonSizing Optimizer
ERROR: [VRFC 10-2063] Module <blk_mem_gen_1> not found while processing module instance <bram_inst> [/home/sj/Documents/vlsi/spi/project_2/project_2.srcs/sources_1/new/top.v:168]
ERROR: [XSIM 43-3322] Static elaboration of top level Verilog design unit(s) in library work failed.
INFO: [USF-XSim-69] 'elaborate' step finished in '2' seconds
INFO: [USF-XSim-99] Step results log file:'/home/sj/Documents/vlsi/spi/project_2/project_2.sim/sim_1/behav/xsim/elaborate.log'
ERROR: [USF-XSim-62] 'elaborate' step failed with error(s). Please check the Tcl console output or '/home/sj/Documents/vlsi/spi/project_2/project_2.sim/sim_1/behav/xsim/elaborate.log' file for more information.
ERROR: [Vivado 12-4473] Detected error while running simulation. Please correct the issue and retry this operation.
ERROR: [Common 17-39] 'launch_simulation' failed due to earlier errors.
launch_simulation
Command: launch_simulation 
INFO: [Vivado 12-12493] Simulation top is 'tb'
INFO: [Vivado 12-5682] Launching behavioral simulation in '/home/sj/Documents/vlsi/spi/project_2/project_2.sim/sim_1/behav/xsim'
INFO: [SIM-utils-51] Simulation object is 'sim_1'
INFO: [SIM-utils-72] Using boost library from '/tools/Xilinx/Vivado/2024.2/tps/boost_1_72_0'
INFO: [USF-XSim-7] Finding pre-compiled libraries...
INFO: [USF-XSim-11] File '/tools/Xilinx/Vivado/2024.2/data/xsim/xsim.ini' copied to run dir:'/home/sj/Documents/vlsi/spi/project_2/project_2.sim/sim_1/behav/xsim'
INFO: [SIM-utils-54] Inspecting design source files for 'tb' in fileset 'sim_1'...
INFO: [SIM-utils-43] Exported '/home/sj/Documents/vlsi/spi/project_2/project_2.sim/sim_1/behav/xsim/blk_mem_gen_0.mif'
INFO: [SIM-utils-43] Exported '/home/sj/Documents/vlsi/spi/project_2/project_2.sim/sim_1/behav/xsim/mem_init2.coe'
INFO: [SIM-utils-43] Exported '/home/sj/Documents/vlsi/spi/project_2/project_2.sim/sim_1/behav/xsim/mem_init.coe'
INFO: [SIM-utils-43] Exported '/home/sj/Documents/vlsi/spi/project_2/project_2.sim/sim_1/behav/xsim/mem_init.mem'
INFO: [SIM-utils-43] Exported '/home/sj/Documents/vlsi/spi/project_2/project_2.sim/sim_1/behav/xsim/mem_init2.mem'
INFO: [SIM-utils-43] Exported '/home/sj/Documents/vlsi/spi/project_2/project_2.sim/sim_1/behav/xsim/mem_init.mem'
INFO: [SIM-utils-43] Exported '/home/sj/Documents/vlsi/spi/project_2/project_2.sim/sim_1/behav/xsim/mem_init2.mem'
INFO: [USF-XSim-97] Finding global include files...
INFO: [USF-XSim-98] Fetching design files from 'sim_1'...
INFO: [USF-XSim-2] XSim::Compile design
INFO: [USF-XSim-61] Executing 'COMPILE and ANALYZE' step in '/home/sj/Documents/vlsi/spi/project_2/project_2.sim/sim_1/behav/xsim'
xvlog --incr --relax -prj tb_vlog.prj
INFO: [VRFC 10-2263] Analyzing Verilog file "/home/sj/Documents/vlsi/spi/project_2/project_2.srcs/sources_1/new/top.v" into library xil_defaultlib
INFO: [VRFC 10-311] analyzing module TOP
INFO: [VRFC 10-311] analyzing module PG
INFO: [VRFC 10-311] analyzing module Loadable_Counter
INFO: [VRFC 10-311] analyzing module ROM
INFO: [VRFC 10-311] analyzing module S2P
INFO: [VRFC 10-311] analyzing module BF1
INFO: [VRFC 10-311] analyzing module BF2
INFO: [VRFC 10-311] analyzing module CMX1
INFO: [VRFC 10-311] analyzing module CMX2
INFO: [VRFC 10-311] analyzing module delay
INFO: [VRFC 10-311] analyzing module fft_processor
INFO: [VRFC 10-311] analyzing module P2S
INFO: [VRFC 10-311] analyzing module tb
Waiting for jobs to finish...
No pending jobs, compilation finished.
INFO: [USF-XSim-69] 'compile' step finished in '2' seconds
INFO: [USF-XSim-3] XSim::Elaborate design
INFO: [USF-XSim-61] Executing 'ELABORATE' step in '/home/sj/Documents/vlsi/spi/project_2/project_2.sim/sim_1/behav/xsim'
xelab --incr --debug typical --relax --mt 8 -L xil_defaultlib -L unisims_ver -L unimacro_ver -L secureip -L xpm --snapshot tb_behav xil_defaultlib.tb xil_defaultlib.glbl -log elaborate.log
Vivado Simulator v2024.2.0
Copyright 1986-2022 Xilinx, Inc. All Rights Reserved.
Copyright 2022-2024 Advanced Micro Devices, Inc. All Rights Reserved.
Running: /tools/Xilinx/Vivado/2024.2/bin/unwrapped/lnx64.o/xelab --incr --debug typical --relax --mt 8 -L xil_defaultlib -L unisims_ver -L unimacro_ver -L secureip -L xpm --snapshot tb_behav xil_defaultlib.tb xil_defaultlib.glbl -log elaborate.log 
Using 8 slave threads.
Starting static elaboration
Pass Through NonSizing Optimizer
ERROR: [VRFC 10-2063] Module <blk_mem_gen_v8_4_9> not found while processing module instance <inst> [/home/sj/Documents/vlsi/spi/project_2/project_2.gen/sources_1/ip/blk_mem_gen_2/sim/blk_mem_gen_2.v:71]
ERROR: [XSIM 43-3322] Static elaboration of top level Verilog design unit(s) in library work failed.
INFO: [USF-XSim-69] 'elaborate' step finished in '2' seconds
INFO: [USF-XSim-99] Step results log file:'/home/sj/Documents/vlsi/spi/project_2/project_2.sim/sim_1/behav/xsim/elaborate.log'
ERROR: [USF-XSim-62] 'elaborate' step failed with error(s). Please check the Tcl console output or '/home/sj/Documents/vlsi/spi/project_2/project_2.sim/sim_1/behav/xsim/elaborate.log' file for more information.
ERROR: [Vivado 12-4473] Detected error while running simulation. Please correct the issue and retry this operation.
ERROR: [Common 17-39] 'launch_simulation' failed due to earlier errors.
launch_simulation
Command: launch_simulation 
INFO: [Vivado 12-12493] Simulation top is 'tb'
INFO: [Vivado 12-5682] Launching behavioral simulation in '/home/sj/Documents/vlsi/spi/project_2/project_2.sim/sim_1/behav/xsim'
INFO: [SIM-utils-51] Simulation object is 'sim_1'
INFO: [SIM-utils-72] Using boost library from '/tools/Xilinx/Vivado/2024.2/tps/boost_1_72_0'
INFO: [USF-XSim-7] Finding pre-compiled libraries...
INFO: [USF-XSim-11] File '/tools/Xilinx/Vivado/2024.2/data/xsim/xsim.ini' copied to run dir:'/home/sj/Documents/vlsi/spi/project_2/project_2.sim/sim_1/behav/xsim'
INFO: [SIM-utils-54] Inspecting design source files for 'tb' in fileset 'sim_1'...
INFO: [SIM-utils-43] Exported '/home/sj/Documents/vlsi/spi/project_2/project_2.sim/sim_1/behav/xsim/blk_mem_gen_0.mif'
INFO: [SIM-utils-43] Exported '/home/sj/Documents/vlsi/spi/project_2/project_2.sim/sim_1/behav/xsim/mem_init2.coe'
INFO: [SIM-utils-43] Exported '/home/sj/Documents/vlsi/spi/project_2/project_2.sim/sim_1/behav/xsim/mem_init.coe'
INFO: [SIM-utils-43] Exported '/home/sj/Documents/vlsi/spi/project_2/project_2.sim/sim_1/behav/xsim/mem_init.mem'
INFO: [SIM-utils-43] Exported '/home/sj/Documents/vlsi/spi/project_2/project_2.sim/sim_1/behav/xsim/mem_init2.mem'
INFO: [SIM-utils-43] Exported '/home/sj/Documents/vlsi/spi/project_2/project_2.sim/sim_1/behav/xsim/mem_init.mem'
INFO: [SIM-utils-43] Exported '/home/sj/Documents/vlsi/spi/project_2/project_2.sim/sim_1/behav/xsim/mem_init2.mem'
INFO: [USF-XSim-97] Finding global include files...
INFO: [USF-XSim-98] Fetching design files from 'sim_1'...
INFO: [USF-XSim-2] XSim::Compile design
INFO: [USF-XSim-61] Executing 'COMPILE and ANALYZE' step in '/home/sj/Documents/vlsi/spi/project_2/project_2.sim/sim_1/behav/xsim'
xvlog --incr --relax -prj tb_vlog.prj
INFO: [VRFC 10-2263] Analyzing Verilog file "/home/sj/Documents/vlsi/spi/project_2/project_2.srcs/sources_1/new/top.v" into library xil_defaultlib
INFO: [VRFC 10-311] analyzing module TOP
INFO: [VRFC 10-311] analyzing module PG
INFO: [VRFC 10-311] analyzing module Loadable_Counter
INFO: [VRFC 10-311] analyzing module ROM
INFO: [VRFC 10-311] analyzing module S2P
INFO: [VRFC 10-311] analyzing module BF1
INFO: [VRFC 10-311] analyzing module BF2
INFO: [VRFC 10-311] analyzing module CMX1
INFO: [VRFC 10-311] analyzing module CMX2
INFO: [VRFC 10-311] analyzing module delay
INFO: [VRFC 10-311] analyzing module fft_processor
INFO: [VRFC 10-311] analyzing module P2S
INFO: [VRFC 10-311] analyzing module tb
Waiting for jobs to finish...
No pending jobs, compilation finished.
INFO: [USF-XSim-69] 'compile' step finished in '2' seconds
INFO: [USF-XSim-3] XSim::Elaborate design
INFO: [USF-XSim-61] Executing 'ELABORATE' step in '/home/sj/Documents/vlsi/spi/project_2/project_2.sim/sim_1/behav/xsim'
xelab --incr --debug typical --relax --mt 8 -L xil_defaultlib -L unisims_ver -L unimacro_ver -L secureip -L xpm --snapshot tb_behav xil_defaultlib.tb xil_defaultlib.glbl -log elaborate.log
Vivado Simulator v2024.2.0
Copyright 1986-2022 Xilinx, Inc. All Rights Reserved.
Copyright 2022-2024 Advanced Micro Devices, Inc. All Rights Reserved.
Running: /tools/Xilinx/Vivado/2024.2/bin/unwrapped/lnx64.o/xelab --incr --debug typical --relax --mt 8 -L xil_defaultlib -L unisims_ver -L unimacro_ver -L secureip -L xpm --snapshot tb_behav xil_defaultlib.tb xil_defaultlib.glbl -log elaborate.log 
Using 8 slave threads.
Starting static elaboration
Pass Through NonSizing Optimizer
ERROR: [VRFC 10-2063] Module <blk_mem_gen_v8_4_9> not found while processing module instance <inst> [/home/sj/Documents/vlsi/spi/project_2/project_2.gen/sources_1/ip/blk_mem_gen_2/sim/blk_mem_gen_2.v:71]
ERROR: [XSIM 43-3322] Static elaboration of top level Verilog design unit(s) in library work failed.
INFO: [USF-XSim-69] 'elaborate' step finished in '3' seconds
INFO: [USF-XSim-99] Step results log file:'/home/sj/Documents/vlsi/spi/project_2/project_2.sim/sim_1/behav/xsim/elaborate.log'
ERROR: [USF-XSim-62] 'elaborate' step failed with error(s). Please check the Tcl console output or '/home/sj/Documents/vlsi/spi/project_2/project_2.sim/sim_1/behav/xsim/elaborate.log' file for more information.
ERROR: [Vivado 12-4473] Detected error while running simulation. Please correct the issue and retry this operation.
ERROR: [Common 17-39] 'launch_simulation' failed due to earlier errors.
launch_simulation
Command: launch_simulation 
INFO: [Vivado 12-12493] Simulation top is 'tb'
INFO: [Vivado 12-5698] Checking validity of IPs in the design for the 'XSim' simulator...
INFO: [Vivado 12-5682] Launching behavioral simulation in '/home/sj/Documents/vlsi/spi/project_2/project_2.sim/sim_1/behav/xsim'
INFO: [Vivado 12-4795] Using compiled simulation libraries for IPs
INFO: [SIM-utils-51] Simulation object is 'sim_1'
INFO: [SIM-utils-72] Using boost library from '/tools/Xilinx/Vivado/2024.2/tps/boost_1_72_0'
INFO: [USF-XSim-7] Finding pre-compiled libraries...
INFO: [USF-XSim-11] File '/tools/Xilinx/Vivado/2024.2/data/xsim/xsim.ini' copied to run dir:'/home/sj/Documents/vlsi/spi/project_2/project_2.sim/sim_1/behav/xsim'
INFO: [SIM-utils-54] Inspecting design source files for 'tb' in fileset 'sim_1'...
INFO: [SIM-utils-43] Exported '/home/sj/Documents/vlsi/spi/project_2/project_2.sim/sim_1/behav/xsim/blk_mem_gen_0.mif'
INFO: [SIM-utils-43] Exported '/home/sj/Documents/vlsi/spi/project_2/project_2.sim/sim_1/behav/xsim/mem_init2.coe'
INFO: [SIM-utils-43] Exported '/home/sj/Documents/vlsi/spi/project_2/project_2.sim/sim_1/behav/xsim/mem_init.coe'
INFO: [SIM-utils-43] Exported '/home/sj/Documents/vlsi/spi/project_2/project_2.sim/sim_1/behav/xsim/mem_init.mem'
INFO: [SIM-utils-43] Exported '/home/sj/Documents/vlsi/spi/project_2/project_2.sim/sim_1/behav/xsim/mem_init2.mem'
INFO: [SIM-utils-43] Exported '/home/sj/Documents/vlsi/spi/project_2/project_2.sim/sim_1/behav/xsim/mem_init.mem'
INFO: [SIM-utils-43] Exported '/home/sj/Documents/vlsi/spi/project_2/project_2.sim/sim_1/behav/xsim/mem_init2.mem'
INFO: [USF-XSim-97] Finding global include files...
INFO: [USF-XSim-98] Fetching design files from 'sim_1'...
INFO: [USF-XSim-2] XSim::Compile design
INFO: [USF-XSim-61] Executing 'COMPILE and ANALYZE' step in '/home/sj/Documents/vlsi/spi/project_2/project_2.sim/sim_1/behav/xsim'
xvlog --incr --relax -prj tb_vlog.prj
INFO: [VRFC 10-2263] Analyzing Verilog file "/home/sj/Documents/vlsi/spi/project_2/project_2.gen/sources_1/ip/blk_mem_gen_0/sim/blk_mem_gen_0.v" into library xil_defaultlib
INFO: [VRFC 10-311] analyzing module blk_mem_gen_0
INFO: [VRFC 10-2263] Analyzing Verilog file "/home/sj/Documents/vlsi/spi/project_2/project_2.srcs/sources_1/new/top.v" into library xil_defaultlib
INFO: [VRFC 10-311] analyzing module TOP
INFO: [VRFC 10-311] analyzing module PG
INFO: [VRFC 10-311] analyzing module Loadable_Counter
INFO: [VRFC 10-311] analyzing module ROM
INFO: [VRFC 10-311] analyzing module S2P
INFO: [VRFC 10-311] analyzing module BF1
INFO: [VRFC 10-311] analyzing module BF2
INFO: [VRFC 10-311] analyzing module CMX1
INFO: [VRFC 10-311] analyzing module CMX2
INFO: [VRFC 10-311] analyzing module delay
INFO: [VRFC 10-311] analyzing module fft_processor
INFO: [VRFC 10-311] analyzing module P2S
INFO: [VRFC 10-311] analyzing module tb
Waiting for jobs to finish...
No pending jobs, compilation finished.
INFO: [USF-XSim-69] 'compile' step finished in '2' seconds
INFO: [USF-XSim-3] XSim::Elaborate design
INFO: [USF-XSim-61] Executing 'ELABORATE' step in '/home/sj/Documents/vlsi/spi/project_2/project_2.sim/sim_1/behav/xsim'
xelab --incr --debug typical --relax --mt 8 -L xil_defaultlib -L blk_mem_gen_v8_4_9 -L unisims_ver -L unimacro_ver -L secureip -L xpm --snapshot tb_behav xil_defaultlib.tb xil_defaultlib.glbl -log elaborate.log
Vivado Simulator v2024.2.0
Copyright 1986-2022 Xilinx, Inc. All Rights Reserved.
Copyright 2022-2024 Advanced Micro Devices, Inc. All Rights Reserved.
Running: /tools/Xilinx/Vivado/2024.2/bin/unwrapped/lnx64.o/xelab --incr --debug typical --relax --mt 8 -L xil_defaultlib -L blk_mem_gen_v8_4_9 -L unisims_ver -L unimacro_ver -L secureip -L xpm --snapshot tb_behav xil_defaultlib.tb xil_defaultlib.glbl -log elaborate.log 
Using 8 slave threads.
Starting static elaboration
Pass Through NonSizing Optimizer
Completed static elaboration
Starting simulation data flow analysis
Completed simulation data flow analysis
Time Resolution for simulation is 1ps
Compiling module xil_defaultlib.PG
Compiling module xil_defaultlib.Loadable_Counter
Compiling module blk_mem_gen_v8_4_9.blk_mem_gen_v8_4_9_output_stage(...
Compiling module blk_mem_gen_v8_4_9.blk_mem_gen_v8_4_9_output_stage(...
Compiling module blk_mem_gen_v8_4_9.blk_mem_gen_v8_4_9_softecc_outpu...
Compiling module blk_mem_gen_v8_4_9.blk_mem_gen_v8_4_9_mem_module(C_...
Compiling module blk_mem_gen_v8_4_9.blk_mem_gen_v8_4_9(C_FAMILY="kin...
Compiling module xil_defaultlib.blk_mem_gen_0
Compiling module xil_defaultlib.ROM
Compiling module xil_defaultlib.S2P
Compiling module xil_defaultlib.BF1
Compiling module xil_defaultlib.BF2
Compiling module xil_defaultlib.delay
Compiling module xil_defaultlib.CMX1
Compiling module xil_defaultlib.CMX2
Compiling module xil_defaultlib.fft_processor
Compiling module xil_defaultlib.P2S
Compiling module xil_defaultlib.TOP
Compiling module xil_defaultlib.tb
Compiling module xil_defaultlib.glbl
Built simulation snapshot tb_behav
execute_script: Time (s): cpu = 00:00:05 ; elapsed = 00:00:05 . Memory (MB): peak = 7961.043 ; gain = 0.000 ; free physical = 6350 ; free virtual = 16062
INFO: [USF-XSim-69] 'elaborate' step finished in '5' seconds
INFO: [USF-XSim-4] XSim::Simulate design
INFO: [USF-XSim-61] Executing 'SIMULATE' step in '/home/sj/Documents/vlsi/spi/project_2/project_2.sim/sim_1/behav/xsim'
INFO: [USF-XSim-98] *** Running xsim
   with args "tb_behav -key {Behavioral:sim_1:Functional:tb} -tclbatch {tb.tcl} -log {simulate.log}"
INFO: [USF-XSim-8] Loading simulator feature
Time resolution is 1 ps
source tb.tcl
# set curr_wave [current_wave_config]
# if { [string length $curr_wave] == 0 } {
#   if { [llength [get_objects]] > 0} {
#     add_wave /
#     set_property needs_save false [current_wave_config]
#   } else {
#      send_msg_id Add_Wave-1 WARNING "No top level signals found. Simulator will start without a wave window. If you want to open a wave window go to 'File->New Waveform Configuration' or type 'create_wave_config' in the TCL console."
#   }
# }
# run 1000ns
 Block Memory Generator module loading initial data...
 Block Memory Generator data initialization complete.
Block Memory Generator module tb.top.rom.rom_inst.inst.native_mem_module.blk_mem_gen_v8_4_9_inst is using a behavioral model for simulation which will not precisely model memory collision behavior.
$finish called at time : 400 ns : File "/home/sj/Documents/vlsi/spi/project_2/project_2.srcs/sources_1/new/top.v" Line 457
INFO: [USF-XSim-96] XSim completed. Design snapshot 'tb_behav' loaded.
INFO: [USF-XSim-97] XSim simulation ran for 1000ns
launch_simulation: Time (s): cpu = 00:00:13 ; elapsed = 00:00:11 . Memory (MB): peak = 7983.227 ; gain = 22.184 ; free physical = 6306 ; free virtual = 16025
close_sim
INFO: [Simtcl 6-16] Simulation closed
exit
INFO: [Common 17-206] Exiting Vivado at Fri Apr  4 15:03:08 2025...
